2019-05-17 15:44:11,622 INFO  [org.jboss.modules] (main) JBoss Modules version 1.6.1.Final
2019-05-17 15:44:12,532 INFO  [org.jboss.msc] (main) JBoss MSC version 1.2.7.SP1
2019-05-17 15:44:12,717 INFO  [org.jboss.as] (MSC service thread 1-8) WFLYSRV0049: WildFly Full 11.0.0.Final (WildFly Core 3.0.8.Final) starting
2019-05-17 15:44:12,719 DEBUG [org.jboss.as.config] (MSC service thread 1-8) Configured system properties:
	awt.toolkit = sun.awt.windows.WToolkit
	file.encoding = Cp1252
	file.encoding.pkg = sun.io
	file.separator = \
	java.awt.graphicsenv = sun.awt.Win32GraphicsEnvironment
	java.awt.headless = true
	java.awt.printerjob = sun.awt.windows.WPrinterJob
	java.class.path = E:\FAKS\Materijali - AT\2019\Project Workspace\Server\wildfly-11.0.0.Final\jboss-modules.jar
	java.class.version = 52.0
	java.endorsed.dirs = C:\Java\jre1.8.0_201\lib\endorsed
	java.ext.dirs = C:\Java\jre1.8.0_201\lib\ext;C:\Windows\Sun\Java\lib\ext
	java.home = C:\Java\jre1.8.0_201
	java.io.tmpdir = C:\Users\Meske\AppData\Local\Temp\
	java.library.path = C:\Java\jre1.8.0_201\bin;C:\Windows\Sun\Java\bin;C:\Windows\system32;C:\Windows;native;C:/Java/jre1.8.0_201/bin/server;C:/Java/jre1.8.0_201/bin;C:/Java/jre1.8.0_201/lib/amd64;C:\Program Files (x86)\Common Files\Oracle\Java\javapath;C:\Windows\system32;C:\Windows;C:\Windows\System32\Wbem;C:\Windows\System32\WindowsPowerShell\v1.0\;C:\Windows\System32\OpenSSH\;C:\Program Files\NVIDIA Corporation\NVIDIA NvDLISR;C:\Program Files (x86)\NVIDIA Corporation\PhysX\Common;C:\Users\Meske\AppData\Local\Microsoft\WindowsApps;;E:\FAKS\Materijali - AT\2019\Eclipse\eclipse;;.
	java.net.preferIPv4Stack = true
	java.runtime.name = Java(TM) SE Runtime Environment
	java.runtime.version = 1.8.0_201-b09
	java.specification.name = Java Platform API Specification
	java.specification.vendor = Oracle Corporation
	java.specification.version = 1.8
	java.util.logging.manager = org.jboss.logmanager.LogManager
	java.vendor = Oracle Corporation
	java.vendor.url = http://java.oracle.com/
	java.vendor.url.bug = http://bugreport.sun.com/bugreport/
	java.version = 1.8.0_201
	java.vm.info = mixed mode
	java.vm.name = Java HotSpot(TM) 64-Bit Server VM
	java.vm.specification.name = Java Virtual Machine Specification
	java.vm.specification.vendor = Oracle Corporation
	java.vm.specification.version = 1.8
	java.vm.vendor = Oracle Corporation
	java.vm.version = 25.201-b09
	javax.management.builder.initial = org.jboss.as.jmx.PluggableMBeanServerBuilder
	javax.xml.datatype.DatatypeFactory = __redirected.__DatatypeFactory
	javax.xml.parsers.DocumentBuilderFactory = __redirected.__DocumentBuilderFactory
	javax.xml.parsers.SAXParserFactory = __redirected.__SAXParserFactory
	javax.xml.stream.XMLEventFactory = __redirected.__XMLEventFactory
	javax.xml.stream.XMLInputFactory = __redirected.__XMLInputFactory
	javax.xml.stream.XMLOutputFactory = __redirected.__XMLOutputFactory
	javax.xml.transform.TransformerFactory = __redirected.__TransformerFactory
	javax.xml.validation.SchemaFactory:http://www.w3.org/2001/XMLSchema = __redirected.__SchemaFactory
	javax.xml.xpath.XPathFactory:http://java.sun.com/jaxp/xpath/dom = __redirected.__XPathFactory
	jboss.bind.address = localhost
	jboss.bind.address.management = localhost
	jboss.home.dir = E:\FAKS\Materijali - AT\2019\Project Workspace\Server\wildfly-11.0.0.Final
	jboss.host.name = desktop-ailu0cm
	jboss.modules.dir = E:\FAKS\Materijali - AT\2019\Project Workspace\Server\wildfly-11.0.0.Final\modules
	jboss.modules.system.pkgs = org.jboss.byteman
	jboss.node.name = desktop-ailu0cm
	jboss.qualified.host.name = desktop-ailu0cm
	jboss.server.base.dir = E:\FAKS\Materijali - AT\2019\Project Workspace\Server\wildfly-11.0.0.Final\standalone
	jboss.server.config.dir = E:\FAKS\Materijali - AT\2019\Project Workspace\Server\wildfly-11.0.0.Final\standalone\configuration
	jboss.server.data.dir = E:\FAKS\Materijali - AT\2019\Project Workspace\Server\wildfly-11.0.0.Final\standalone\data
	jboss.server.deploy.dir = E:\FAKS\Materijali - AT\2019\Project Workspace\Server\wildfly-11.0.0.Final\standalone\data\content
	jboss.server.log.dir = E:\FAKS\Materijali - AT\2019\Project Workspace\Server\wildfly-11.0.0.Final\standalone\log
	jboss.server.name = desktop-ailu0cm
	jboss.server.persist.config = true
	jboss.server.temp.dir = E:\FAKS\Materijali - AT\2019\Project Workspace\Server\wildfly-11.0.0.Final\standalone\tmp
	line.separator = 

	logging.configuration = file:E:\FAKS\Materijali - AT\2019\Project Workspace\Server\wildfly-11.0.0.Final\standalone\configuration\logging.properties
	module.path = E:\FAKS\Materijali - AT\2019\Project Workspace\Server\wildfly-11.0.0.Final\modules
	org.jboss.boot.log.file = E:\FAKS\Materijali - AT\2019\Project Workspace\Server\wildfly-11.0.0.Final\standalone\log\boot.log
	org.jboss.logmanager.nocolor = true
	org.jboss.resolver.warning = true
	org.xml.sax.driver = __redirected.__XMLReaderFactory
	os.arch = amd64
	os.name = Windows 10
	os.version = 10.0
	path.separator = ;
	program.name = JBossTools: WildFly 11.0 Runtime Server
	sun.arch.data.model = 64
	sun.boot.class.path = C:\Java\jre1.8.0_201\lib\resources.jar;C:\Java\jre1.8.0_201\lib\rt.jar;C:\Java\jre1.8.0_201\lib\sunrsasign.jar;C:\Java\jre1.8.0_201\lib\jsse.jar;C:\Java\jre1.8.0_201\lib\jce.jar;C:\Java\jre1.8.0_201\lib\charsets.jar;C:\Java\jre1.8.0_201\lib\jfr.jar;C:\Java\jre1.8.0_201\classes
	sun.boot.library.path = C:\Java\jre1.8.0_201\bin
	sun.cpu.endian = little
	sun.cpu.isalist = amd64
	sun.desktop = windows
	sun.io.unicode.encoding = UnicodeLittle
	sun.java.command = org.jboss.modules.Main -mp E:\FAKS\Materijali - AT\2019\Project Workspace\Server\wildfly-11.0.0.Final\modules org.jboss.as.standalone -b localhost --server-config=standalone-full-ha.xml -Djboss.server.base.dir=E:\FAKS\Materijali - AT\2019\Project Workspace\Server\wildfly-11.0.0.Final\standalone
	sun.java.launcher = SUN_STANDARD
	sun.jnu.encoding = Cp1252
	sun.management.compiler = HotSpot 64-Bit Tiered Compilers
	sun.os.patch.level = 
	sun.rmi.dgc.client.gcInterval = 3600000
	sun.rmi.dgc.server.gcInterval = 3600000
	user.country = US
	user.dir = E:\FAKS\Materijali - AT\2019\Project Workspace\Server\wildfly-11.0.0.Final\bin
	user.home = C:\Users\Meske
	user.language = en
	user.name = Meske
	user.script = 
	user.timezone = Europe/Prague
	user.variant = 
2019-05-17 15:44:12,720 DEBUG [org.jboss.as.config] (MSC service thread 1-8) VM Arguments: -Dprogram.name=JBossTools: WildFly 11.0 Runtime Server -Xms64m -Xmx512m -Dorg.jboss.resolver.warning=true -Djava.net.preferIPv4Stack=true -Dsun.rmi.dgc.client.gcInterval=3600000 -Dsun.rmi.dgc.server.gcInterval=3600000 -Djboss.modules.system.pkgs=org.jboss.byteman -Djava.awt.headless=true -Dorg.jboss.boot.log.file=E:\FAKS\Materijali - AT\2019\Project Workspace\Server\wildfly-11.0.0.Final\standalone\log\boot.log -Dlogging.configuration=file:E:\FAKS\Materijali - AT\2019\Project Workspace\Server\wildfly-11.0.0.Final\standalone\configuration\logging.properties -Djboss.home.dir=E:\FAKS\Materijali - AT\2019\Project Workspace\Server\wildfly-11.0.0.Final -Dorg.jboss.logmanager.nocolor=true -Djboss.bind.address.management=localhost -Dfile.encoding=Cp1252 
2019-05-17 15:44:14,411 INFO  [org.jboss.as.controller.management-deprecated] (Controller Boot Thread) WFLYCTL0028: Attribute 'security-realm' in the resource at address '/core-service=management/management-interface=http-interface' is deprecated, and may be removed in future version. See the attribute description in the output of the read-resource-description operation to learn more about the deprecation.
2019-05-17 15:44:14,440 INFO  [org.wildfly.security] (ServerService Thread Pool -- 31) ELY00001: WildFly Elytron version 1.1.6.Final
2019-05-17 15:44:14,453 INFO  [org.jboss.as.controller.management-deprecated] (ServerService Thread Pool -- 3) WFLYCTL0028: Attribute 'security-realm' in the resource at address '/subsystem=undertow/server=default-server/https-listener=https' is deprecated, and may be removed in future version. See the attribute description in the output of the read-resource-description operation to learn more about the deprecation.
2019-05-17 15:44:14,843 INFO  [org.jboss.as.server] (Controller Boot Thread) WFLYSRV0039: Creating http management service using socket-binding (management-http)
2019-05-17 15:44:14,861 INFO  [org.xnio] (MSC service thread 1-8) XNIO version 3.5.4.Final
2019-05-17 15:44:14,870 INFO  [org.xnio.nio] (MSC service thread 1-8) XNIO NIO Implementation Version 3.5.4.Final
